<?xml version="1.0" encoding="UTF-8"?>
<!-- Generated by org.testng.reporters.JUnitReportReporter -->
<testsuite hostname="DESKTOP-O4D5SV2" failures="0" tests="1" name="Reporting_Scripts.Message_onconsolelog4j" time="0.074" errors="0" timestamp="2023-06-27T10:56:54 IST" skipped="0">
  <testcase classname="Reporting_Scripts.Message_onconsolelog4j" name="test2" time="0.074"/>
</testsuite> <!-- Reporting_Scripts.Message_onconsolelog4j -->
