<?xml version="1.0" encoding="UTF-8"?>
<!-- Generated by org.testng.reporters.JUnitReportReporter -->
<testsuite hostname="DESKTOP-O4D5SV2" failures="0" tests="1" name="Reporting_Scripts.Extent_Report" time="1.037" errors="0" timestamp="2023-06-27T10:40:49 IST" skipped="0">
  <testcase classname="Reporting_Scripts.Extent_Report" name="test1" time="1.037"/>
</testsuite> <!-- Reporting_Scripts.Extent_Report -->
