<?xml version="1.0" encoding="UTF-8"?>
<!-- Generated by org.testng.reporters.JUnitReportReporter -->
<testsuite hostname="DESKTOP-O4D5SV2" failures="0" tests="2" name="Listeners_Dataproviders300623.Dataproviders" time="9.954" errors="0" timestamp="2023-06-30T10:43:05 IST" skipped="0">
  <testcase classname="Listeners_Dataproviders300623.Dataproviders" name="validTest" time="6.125"/>
  <testcase classname="Listeners_Dataproviders300623.Dataproviders" name="validTest" time="3.829"/>
</testsuite> <!-- Listeners_Dataproviders300623.Dataproviders -->
