<?xml version="1.0" encoding="UTF-8"?>
<!-- Generated by org.testng.reporters.JUnitReportReporter -->
<testsuite hostname="DESKTOP-O4D5SV2" failures="0" tests="1" name="Reporting_Scripts.Log4j_messageonreports" time="0.154" errors="0" timestamp="2023-06-27T10:55:53 IST" skipped="0">
  <testcase classname="Reporting_Scripts.Log4j_messageonreports" name="test3" time="0.154"/>
</testsuite> <!-- Reporting_Scripts.Log4j_messageonreports -->
