<?xml version="1.0" encoding="UTF-8"?>
<!-- Generated by org.testng.reporters.JUnitReportReporter -->
<testsuite hostname="DESKTOP-O4D5SV2" failures="0" tests="1" name="Runner_Script.Property" time="0.018" errors="0" timestamp="2023-06-22T10:33:43 IST" skipped="0">
  <testcase classname="Runner_Script.Property" name="test1" time="0.018"/>
</testsuite> <!-- Runner_Script.Property -->
